\BOOKMARK [2][-]{subsection.0.1}{Data\040Visualization\040for\040Political\040Social\040Work}{}% 1
\BOOKMARK [1][-]{section.1}{How to Navigate This Presentation \(scroll down ⇩\)}{}% 2
\BOOKMARK [2][-]{subsection.1.1}{Navigation}{section.1}% 3
\BOOKMARK [1][-]{section.2}{Basic Considerations \(scroll down ⇩\)}{}% 4
\BOOKMARK [2][-]{subsection.2.1}{The\040Nature\040of\040Your\040Variables\040Determines\040the\040Nature\040of\040Your\040DataViz}{section.2}% 5
\BOOKMARK [2][-]{subsection.2.2}{Variable\040Types}{section.2}% 6
\BOOKMARK [2][-]{subsection.2.3}{Visualization\040Possibilities}{section.2}% 7
\BOOKMARK [1][-]{section.3}{Story-Telling \(scroll down ⇩\)}{}% 8
\BOOKMARK [2][-]{subsection.3.1}{Your\040Graph\040Should\040Be\040A\040Self-Contained\040Story}{section.3}% 9
\BOOKMARK [2][-]{subsection.3.2}{Your\040Graph\040Should\040Be\040Embedded\040In\040A\040Story}{section.3}% 10
\BOOKMARK [1][-]{section.4}{Color \(scroll down ⇩\)}{}% 11
\BOOKMARK [2][-]{subsection.4.1}{Greyscale\040Graph}{section.4}% 12
\BOOKMARK [2][-]{subsection.4.2}{Color\040is\040Organizational\040Identity}{section.4}% 13
\BOOKMARK [2][-]{subsection.4.3}{Color\040Is\040Information}{section.4}% 14
\BOOKMARK [2][-]{subsection.4.4}{Color\040Is\040Accessibility}{section.4}% 15
\BOOKMARK [2][-]{subsection.4.5}{Color\040Is\040Emphasis}{section.4}% 16
\BOOKMARK [1][-]{section.5}{Cognition \(scroll down ⇩\)}{}% 17
\BOOKMARK [2][-]{subsection.5.1}{``Graphical\040Perception''}{section.5}% 18
\BOOKMARK [2][-]{subsection.5.2}{Example\040\(Position\040Along\040A\040Common\040Scale\)}{section.5}% 19
\BOOKMARK [2][-]{subsection.5.3}{Example\040\(Length\)}{section.5}% 20
\BOOKMARK [2][-]{subsection.5.4}{Example\040\(Angle\)}{section.5}% 21
\BOOKMARK [1][-]{section.6}{Questions? \(scroll down ⇩\)}{}% 22
\BOOKMARK [2][-]{subsection.6.1}{Please\040Contact}{section.6}% 23
\BOOKMARK [2][-]{section*.2}{References}{section.6}% 24
